<?xml version="1.0" encoding="UTF-8"?>
<testng-results skipped="0" failed="0" ignored="0" total="1" passed="1">
  <reporter-output>
  </reporter-output>
  <suite name="Default suite" duration-ms="1203" started-at="2022-02-05T14:40:03 IST" finished-at="2022-02-05T14:40:04 IST">
    <groups>
    </groups>
    <test name="Default test" duration-ms="1203" started-at="2022-02-05T14:40:03 IST" finished-at="2022-02-05T14:40:04 IST">
      <class name="com.testcases.ReadExcelTest">
        <test-method status="PASS" signature="readExcelTest()[pri:0, instance:com.testcases.ReadExcelTest@1f7030a6]" name="readExcelTest" duration-ms="1136" started-at="2022-02-05T14:40:03 IST" finished-at="2022-02-05T14:40:04 IST">
          <reporter-output>
          </reporter-output>
        </test-method> <!-- readExcelTest -->
      </class> <!-- com.testcases.ReadExcelTest -->
    </test> <!-- Default test -->
  </suite> <!-- Default suite -->
</testng-results>
